#
# There is insufficient memory for the Java Runtime Environment to continue.
# Native memory allocation (malloc) failed to allocate 1048576 bytes for AllocateHeap
# Possible reasons:
#   The system is out of physical RAM or swap space
#   The process is running with CompressedOops enabled, and the Java Heap may be blocking the growth of the native heap
# Possible solutions:
#   Reduce memory load on the system
#   Increase physical memory or swap space
#   Check if swap backing store is full
#   Decrease Java heap size (-Xmx/-Xms)
#   Decrease number of Java threads
#   Decrease Java thread stack sizes (-Xss)
#   Set larger code cache with -XX:ReservedCodeCacheSize=
#   JVM is running with Unscaled Compressed Oops mode in which the Java heap is
#     placed in the first 4GB address space. The Java Heap base address is the
#     maximum limit for the native heap growth. Please use -XX:HeapBaseMinAddress
#     to set the Java Heap base and to place the Java Heap above 4GB virtual address.
# This output file may be truncated or incomplete.
#
#  Out of Memory Error (allocation.cpp:44), pid=43892, tid=11780
#
# JRE version:  (16.0.1+9) (build )
# Java VM: Java HotSpot(TM) 64-Bit Server VM (16.0.1+9-24, mixed mode, sharing, tiered, compressed oops, compressed class ptrs, parallel gc, windows-amd64)
# No core dump will be written. Minidumps are not enabled by default on client versions of Windows
#

---------------  S U M M A R Y ------------

Command Line: --add-modules=ALL-SYSTEM --add-opens=java.base/java.util=ALL-UNNAMED --add-opens=java.base/java.lang=ALL-UNNAMED -Declipse.application=org.eclipse.jdt.ls.core.id1 -Dosgi.bundles.defaultStartLevel=4 -Declipse.product=org.eclipse.jdt.ls.core.product -Dfile.encoding=utf8 -DwatchParentProcess=false -XX:+UseParallelGC -XX:GCTimeRatio=4 -XX:AdaptiveSizePolicyWeight=90 -Dsun.zip.disableMemoryMapping=true -Xmx1G -Xms100m c:\Users\DELL\.vscode\extensions\redhat.java-0.80.0\server\plugins\org.eclipse.equinox.launcher_1.6.200.v20210416-2027.jar -configuration c:\Users\DELL\AppData\Roaming\Code\User\globalStorage\redhat.java\0.80.0\config_win -data c:\Users\DELL\AppData\Roaming\Code\User\workspaceStorage\f5000c2bf727312e17fac7a58370f8ad\redhat.java\jdt_ws

Host: Intel(R) Core(TM) i5-8250U CPU @ 1.60GHz, 8 cores, 7G,  Windows 10 , 64 bit Build 19041 (10.0.19041.1023)
Time: Tue Aug 10 00:01:47 2021 Nepal Standard Time elapsed time: 0.054803 seconds (0d 0h 0m 0s)

---------------  T H R E A D  ---------------

Current thread (0x000002220489bcc0):  JavaThread "Unknown thread" [_thread_in_vm, id=11780, stack(0x000000243c400000,0x000000243c500000)]

Stack: [0x000000243c400000,0x000000243c500000]
Native frames: (J=compiled Java code, j=interpreted, Vv=VM code, C=native code)
V  [jvm.dll+0x6687ca]
V  [jvm.dll+0x7ca3c9]
V  [jvm.dll+0x7cbb53]
V  [jvm.dll+0x7cc1b3]
V  [jvm.dll+0x242ea5]
V  [jvm.dll+0xa8742]
V  [jvm.dll+0x69b384]
V  [jvm.dll+0x69c02f]
V  [jvm.dll+0x674ec3]
V  [jvm.dll+0x79d426]
V  [jvm.dll+0x360e5a]
V  [jvm.dll+0x77a990]
V  [jvm.dll+0x3e55af]
V  [jvm.dll+0x3e7081]
C  [jli.dll+0x52fb]
C  [ucrtbase.dll+0x21bb2]
C  [KERNEL32.DLL+0x17034]
C  [ntdll.dll+0x52651]


---------------  P R O C E S S  ---------------

Threads class SMR info:
_java_thread_list=0x00007ffa6ffdcbb8, length=0, elements={
}

Java Threads: ( => current thread )

Other Threads:
  0x00000222048b4e70 GCTaskThread "GC Thread#0" [stack: 0x000000243c500000,0x000000243c600000] [id=43348]

=>0x000002220489bcc0 (exited) JavaThread "Unknown thread" [_thread_in_vm, id=11780, stack(0x000000243c400000,0x000000243c500000)]

Threads with active compile tasks:

VM state: not at safepoint (normal execution)

VM Mutex/Monitor currently owned by a thread: None

Heap address: 0x00000000c0000000, size: 1024 MB, Compressed Oops mode: 32-bit

CDS archive(s) mapped at: [0x0000000800000000-0x0000000800bb0000-0x0000000800bb0000), size 12255232, SharedBaseAddress: 0x0000000800000000, ArchiveRelocationMode: 0.
Compressed class space mapped at: 0x0000000800c00000-0x0000000840c00000, reserved size: 1073741824
Narrow klass base: 0x0000000800000000, Narrow klass shift: 3, Narrow klass range: 0x100000000

GC Precious Log:
 CPUs: 8 total, 8 available
 Memory: 8051M
 Large Page Support: Disabled
 NUMA Support: Disabled
 Compressed Oops: Enabled (32-bit)
 Alignments: Space 512K, Generation 512K, Heap 2M
 Heap Min Capacity: 100M
 Heap Initial Capacity: 100M
 Heap Max Capacity: 1G
 Pre-touch: Disabled
 Parallel Workers: 8

Heap:
 PSYoungGen      total 29696K, used 512K [0x00000000eab00000, 0x00000000ecc00000, 0x0000000100000000)
  eden space 25600K, 2% used [0x00000000eab00000,0x00000000eab80010,0x00000000ec400000)
  from space 4096K, 0% used [0x00000000ec800000,0x00000000ec800000,0x00000000ecc00000)
  to   space 4096K, 0% used [0x00000000ec400000,0x00000000ec400000,0x00000000ec800000)
 ParOldGen       total 68608K, used 0K [0x00000000c0000000, 0x00000000c4300000, 0x00000000eab00000)
  object space 68608K, 0% used [0x00000000c0000000,0x00000000c0000000,0x00000000c4300000)
 Metaspace       used 0K, committed 0K, reserved 1048576K
  class space    used 0K, committed 0K, reserved 1048576K

Card table byte_map: [0x0000022204260000,0x0000022204470000] _byte_map_base: 0x0000022203c60000

Marking Bits: (ParMarkBitMap*) 0x00007ffa6ffc0b20
 Begin Bits: [0x000002221b020000, 0x000002221c020000)
 End Bits:   [0x000002221c020000, 0x000002221d020000)

Polling page: 0x00000222027e0000

Metaspace:

Usage:
  Non-class:      0 bytes used.
      Class:      0 bytes used.
       Both:      0 bytes used.

Virtual space:
  Non-class space:        0 bytes reserved,       0 bytes (  ?%) committed,  0 nodes.
      Class space:        1.00 GB reserved,       0 bytes (  0%) committed,  1 nodes.
              Both:        1.00 GB reserved,       0 bytes (  0%) committed. 

Chunk freelists:
   Non-Class:  0 bytes
       Class:  4.00 MB
        Both:  4.00 MB

MaxMetaspaceSize: 17179869184.00 GB
CompressedClassSpaceSize: 1.00 GB
 - commit_granule_bytes: 65536.
 - commit_granule_words: 8192.
 - virtual_space_node_default_size: 1048576.
 - enlarge_chunks_in_place: 1.
 - new_chunks_are_fully_committed: 0.
 - uncommit_free_chunks: 1.
 - use_allocation_guard: 0.
 - handle_deallocations: 1.


Internal statistics:

num_allocs_failed_limit: 0.
num_arena_births: 0.
num_arena_deaths: 0.
num_vsnodes_births: 1.
num_vsnodes_deaths: 0.
num_space_committed: 0.
num_space_uncommitted: 0.
num_chunks_returned_to_freelist: 0.
num_chunks_taken_from_freelist: 1.
num_chunk_merges: 0.
num_chunk_splits: 1.
num_chunks_enlarged: 0.
num_purges: 0.

CodeHeap 'non-profiled nmethods': size=120000Kb used=0Kb max_used=0Kb free=120000Kb
 bounds [0x0000022213af0000, 0x0000022213d60000, 0x000002221b020000]
CodeHeap 'profiled nmethods': size=120000Kb used=0Kb max_used=0Kb free=120000Kb
 bounds [0x000002220c5c0000, 0x000002220c830000, 0x0000022213af0000]
CodeHeap 'non-nmethods': size=5760Kb used=281Kb max_used=438Kb free=5478Kb
 bounds [0x000002220c020000, 0x000002220c290000, 0x000002220c5c0000]
 total_blobs=163 nmethods=0 adapters=144
 compilation: enabled
              stopped_count=0, restarted_count=0
 full_count=0

Compilation events (0 events):
No events

GC Heap History (0 events):
No events

Deoptimization events (0 events):
No events

Classes unloaded (0 events):
No events

Classes redefined (0 events):
No events

Internal exceptions (0 events):
No events

Events (1 events):
Event: 0.019 Loaded shared library C:\Program Files\Java\jdk-16.0.1\bin\java.dll


Dynamic libraries:
0x00007ff7e56e0000 - 0x00007ff7e56f0000 	C:\Program Files\Java\jdk-16.0.1\bin\java.exe
0x00007ffadb290000 - 0x00007ffadb485000 	C:\WINDOWS\SYSTEM32\ntdll.dll
0x00007ffad94d0000 - 0x00007ffad958d000 	C:\WINDOWS\System32\KERNEL32.DLL
0x00007ffad8ad0000 - 0x00007ffad8d99000 	C:\WINDOWS\System32\KERNELBASE.dll
0x00007ffad89d0000 - 0x00007ffad8ad0000 	C:\WINDOWS\System32\ucrtbase.dll
0x00007ffacdb10000 - 0x00007ffacdb29000 	C:\Program Files\Java\jdk-16.0.1\bin\VCRUNTIME140.dll
0x00007ffac9260000 - 0x00007ffac9278000 	C:\Program Files\Java\jdk-16.0.1\bin\jli.dll
0x00007ffad9300000 - 0x00007ffad93ac000 	C:\WINDOWS\System32\ADVAPI32.dll
0x00007ffadb190000 - 0x00007ffadb22e000 	C:\WINDOWS\System32\msvcrt.dll
0x00007ffad9ac0000 - 0x00007ffad9b5b000 	C:\WINDOWS\System32\sechost.dll
0x00007ffad9ce0000 - 0x00007ffad9e0a000 	C:\WINDOWS\System32\RPCRT4.dll
0x00007ffad9e10000 - 0x00007ffad9fb0000 	C:\WINDOWS\System32\USER32.dll
0x00007ffad92d0000 - 0x00007ffad92f2000 	C:\WINDOWS\System32\win32u.dll
0x00007ffacc010000 - 0x00007ffacc2aa000 	C:\WINDOWS\WinSxS\amd64_microsoft.windows.common-controls_6595b64144ccf1df_6.0.19041.1083_none_60bbe31371f34e71\COMCTL32.dll
0x00007ffad9bd0000 - 0x00007ffad9bfa000 	C:\WINDOWS\System32\GDI32.dll
0x00007ffad91c0000 - 0x00007ffad92cb000 	C:\WINDOWS\System32\gdi32full.dll
0x00007ffad9120000 - 0x00007ffad91bd000 	C:\WINDOWS\System32\msvcp_win.dll
0x00007fface090000 - 0x00007fface09a000 	C:\WINDOWS\SYSTEM32\VERSION.dll
0x00007ffad9c00000 - 0x00007ffad9c30000 	C:\WINDOWS\System32\IMM32.DLL
0x00007ffacfaf0000 - 0x00007ffacfafc000 	C:\Program Files\Java\jdk-16.0.1\bin\vcruntime140_1.dll
0x00007ffa9e960000 - 0x00007ffa9e9f1000 	C:\Program Files\Java\jdk-16.0.1\bin\msvcp140.dll
0x00007ffa6f4d0000 - 0x00007ffa7007b000 	C:\Program Files\Java\jdk-16.0.1\bin\server\jvm.dll
0x00007ffada1d0000 - 0x00007ffada1d8000 	C:\WINDOWS\System32\PSAPI.DLL
0x00007ffac9c30000 - 0x00007ffac9c57000 	C:\WINDOWS\SYSTEM32\WINMM.dll
0x00007ffac94c0000 - 0x00007ffac94c9000 	C:\WINDOWS\SYSTEM32\WSOCK32.dll
0x00007ffad9fb0000 - 0x00007ffada01b000 	C:\WINDOWS\System32\WS2_32.dll
0x00007ffad72e0000 - 0x00007ffad72f2000 	C:\WINDOWS\SYSTEM32\kernel.appcore.dll
0x00007ffacf460000 - 0x00007ffacf46a000 	C:\Program Files\Java\jdk-16.0.1\bin\jimage.dll
0x00007ffad6fa0000 - 0x00007ffad7184000 	C:\WINDOWS\SYSTEM32\DBGHELP.DLL
0x00007ffacef30000 - 0x00007ffacef5c000 	C:\WINDOWS\SYSTEM32\dbgcore.DLL
0x00007ffad8f00000 - 0x00007ffad8f83000 	C:\WINDOWS\System32\bcryptPrimitives.dll
0x00007ffabe040000 - 0x00007ffabe065000 	C:\Program Files\Java\jdk-16.0.1\bin\java.dll

dbghelp: loaded successfully - version: 4.0.5 - missing functions: none
symbol engine: initialized successfully - sym options: 0x614 - pdb path: .;C:\Program Files\Java\jdk-16.0.1\bin;C:\WINDOWS\SYSTEM32;C:\WINDOWS\WinSxS\amd64_microsoft.windows.common-controls_6595b64144ccf1df_6.0.19041.1083_none_60bbe31371f34e71;C:\Program Files\Java\jdk-16.0.1\bin\server

VM Arguments:
jvm_args: --add-modules=ALL-SYSTEM --add-opens=java.base/java.util=ALL-UNNAMED --add-opens=java.base/java.lang=ALL-UNNAMED -Declipse.application=org.eclipse.jdt.ls.core.id1 -Dosgi.bundles.defaultStartLevel=4 -Declipse.product=org.eclipse.jdt.ls.core.product -Dfile.encoding=utf8 -DwatchParentProcess=false -XX:+UseParallelGC -XX:GCTimeRatio=4 -XX:AdaptiveSizePolicyWeight=90 -Dsun.zip.disableMemoryMapping=true -Xmx1G -Xms100m 
java_command: c:\Users\DELL\.vscode\extensions\redhat.java-0.80.0\server\plugins\org.eclipse.equinox.launcher_1.6.200.v20210416-2027.jar -configuration c:\Users\DELL\AppData\Roaming\Code\User\globalStorage\redhat.java\0.80.0\config_win -data c:\Users\DELL\AppData\Roaming\Code\User\workspaceStorage\f5000c2bf727312e17fac7a58370f8ad\redhat.java\jdt_ws
java_class_path (initial): c:\Users\DELL\.vscode\extensions\redhat.java-0.80.0\server\plugins\org.eclipse.equinox.launcher_1.6.200.v20210416-2027.jar
Launcher Type: SUN_STANDARD

[Global flags]
    uintx AdaptiveSizePolicyWeight                 = 90                                        {product} {command line}
     intx CICompilerCount                          = 4                                         {product} {ergonomic}
    uintx GCTimeRatio                              = 4                                         {product} {command line}
   size_t InitialHeapSize                          = 104857600                                 {product} {command line}
   size_t MaxHeapSize                              = 1073741824                                {product} {command line}
   size_t MaxNewSize                               = 357564416                                 {product} {ergonomic}
   size_t MinHeapDeltaBytes                        = 524288                                    {product} {ergonomic}
   size_t MinHeapSize                              = 104857600                                 {product} {command line}
   size_t NewSize                                  = 34603008                                  {product} {ergonomic}
    uintx NonNMethodCodeHeapSize                   = 5839372                                {pd product} {ergonomic}
    uintx NonProfiledCodeHeapSize                  = 122909434                              {pd product} {ergonomic}
   size_t OldSize                                  = 70254592                                  {product} {ergonomic}
    uintx ProfiledCodeHeapSize                     = 122909434                              {pd product} {ergonomic}
    uintx ReservedCodeCacheSize                    = 251658240                              {pd product} {ergonomic}
     bool SegmentedCodeCache                       = true                                      {product} {ergonomic}
   size_t SoftMaxHeapSize                          = 1073741824                             {manageable} {ergonomic}
     bool UseCompressedClassPointers               = true                           {product lp64_product} {ergonomic}
     bool UseCompressedOops                        = true                           {product lp64_product} {ergonomic}
     bool UseLargePagesIndividualAllocation        = false                                  {pd product} {ergonomic}
     bool UseParallelGC                            = true                                      {product} {command line}

Logging:
Log output configuration:
 #0: stdout all=warning uptime,level,tags
 #1: stderr all=off uptime,level,tags

Environment Variables:
JAVA_HOME=C:\Program Files\Java\jdk-16.0.1
PATH=C:\Program Files\Java\jdk-16.0.1\bin;C:\Program Files (x86)\Intel\Intel(R) Management Engine Components\iCLS\;C:\Program Files\Intel\Intel(R) Management Engine Components\iCLS\;C:\WINDOWS\system32;C:\WINDOWS;C:\WINDOWS\System32\Wbem;C:\WINDOWS\System32\WindowsPowerShell\v1.0\;C:\WINDOWS\System32\OpenSSH\;C:\Program Files (x86)\Intel\Intel(R) Management Engine Components\DAL;C:\Program Files\Intel\Intel(R) Management Engine Components\DAL;C:\Program Files\nodejs\;C:\Users\DELL\AppData\Local\Programs\Python\Python38-32\Scripts\;C:\Users\DELL\AppData\Local\Programs\Python\Python38-32\;C:\Users\DELL\AppData\Local\Microsoft\WindowsApps;C:\Program Files\Java\jdk-16.0.1\bin;C:\Users\DELL\AppData\Local\Programs\Microsoft VS Code\bin;C:\Users\DELL\AppData\Roaming\npm;
USERNAME=DELL
OS=Windows_NT
PROCESSOR_IDENTIFIER=Intel64 Family 6 Model 142 Stepping 10, GenuineIntel



---------------  S Y S T E M  ---------------

OS:
 Windows 10 , 64 bit Build 19041 (10.0.19041.1023)
OS uptime: 31 days 6:03 hours

CPU: total 8 (initial active 8) (4 cores per cpu, 2 threads per core) family 6 model 142 stepping 10 microcode 0xb4, cx8, cmov, fxsr, ht, mmx, 3dnowpref, sse, sse2, sse3, ssse3, sse4.1, sse4.2, popcnt, lzcnt, tsc, tscinvbit, avx, avx2, aes, erms, clmul, bmi1, bmi2, adx, fma, vzeroupper, clflush, clflushopt

Memory: 4k page, system-wide physical 8051M (362M free)
TotalPageFile size 25477M (AvailPageFile size 5M)
current process WorkingSet (physical memory assigned to process): 14M, peak: 14M
current process commit charge ("private bytes"): 161M, peak: 162M

vm_info: Java HotSpot(TM) 64-Bit Server VM (16.0.1+9-24) for windows-amd64 JRE (16.0.1+9-24), built on Mar 26 2021 19:31:42 by "mach5one" with MS VC++ 16.7 (VS2019)

END.
